[debug] [2026-03-21T20:01:07.620Z] ----------------------------------------------------------------------
[debug] [2026-03-21T20:01:07.624Z] Command:       C:\nvm4w\nodejs\node.exe C:\nvm4w\nodejs\node_modules\firebase-tools\lib\bin\firebase.js deploy --only functions
[debug] [2026-03-21T20:01:07.624Z] CLI Version:   15.11.0
[debug] [2026-03-21T20:01:07.625Z] Platform:      win32
[debug] [2026-03-21T20:01:07.625Z] Node Version:  v20.19.4
[debug] [2026-03-21T20:01:07.625Z] Time:          Sun Mar 22 2026 01:31:07 GMT+0530 (India Standard Time)
[debug] [2026-03-21T20:01:07.625Z] ----------------------------------------------------------------------
[debug] 
[debug] [2026-03-21T20:01:10.059Z] > command requires scopes: ["email","openid","https://www.googleapis.com/auth/cloudplatformprojects.readonly","https://www.googleapis.com/auth/firebase","https://www.googleapis.com/auth/cloud-platform"]
[debug] [2026-03-21T20:01:10.059Z] > authorizing via signed-in user (pasinduudana12m2@gmail.com)
[debug] [2026-03-21T20:01:10.059Z] [iam] checking project skyrayenginnering for permissions ["cloudfunctions.functions.create","cloudfunctions.functions.delete","cloudfunctions.functions.get","cloudfunctions.functions.list","cloudfunctions.functions.update","cloudfunctions.operations.get","firebase.projects.get"]
[debug] [2026-03-21T20:01:10.061Z] Checked if tokens are valid: true, expires at: 1774126764346
[debug] [2026-03-21T20:01:10.061Z] Checked if tokens are valid: true, expires at: 1774126764346
[debug] [2026-03-21T20:01:10.063Z] >>> [apiv2][query] POST https://cloudresourcemanager.googleapis.com/v1/projects/skyrayenginnering:testIamPermissions [none]
[debug] [2026-03-21T20:01:10.063Z] >>> [apiv2][(partial)header] POST https://cloudresourcemanager.googleapis.com/v1/projects/skyrayenginnering:testIamPermissions  x-goog-user-project=skyrayenginnering
[debug] [2026-03-21T20:01:10.063Z] >>> [apiv2][body] POST https://cloudresourcemanager.googleapis.com/v1/projects/skyrayenginnering:testIamPermissions {"permissions":["cloudfunctions.functions.create","cloudfunctions.functions.delete","cloudfunctions.functions.get","cloudfunctions.functions.list","cloudfunctions.functions.update","cloudfunctions.operations.get","firebase.projects.get"]}
[debug] [2026-03-21T20:01:11.357Z] <<< [apiv2][status] POST https://cloudresourcemanager.googleapis.com/v1/projects/skyrayenginnering:testIamPermissions 200
[debug] [2026-03-21T20:01:11.358Z] <<< [apiv2][body] POST https://cloudresourcemanager.googleapis.com/v1/projects/skyrayenginnering:testIamPermissions {"permissions":["cloudfunctions.functions.create","cloudfunctions.functions.delete","cloudfunctions.functions.get","cloudfunctions.functions.list","cloudfunctions.functions.update","cloudfunctions.operations.get","firebase.projects.get"]}
[debug] [2026-03-21T20:01:11.358Z] Checked if tokens are valid: true, expires at: 1774126764346
[debug] [2026-03-21T20:01:11.358Z] Checked if tokens are valid: true, expires at: 1774126764346
[debug] [2026-03-21T20:01:11.359Z] >>> [apiv2][query] POST https://iam.googleapis.com/v1/projects/skyrayenginnering/serviceAccounts/skyrayenginnering@appspot.gserviceaccount.com:testIamPermissions [none]
[debug] [2026-03-21T20:01:11.359Z] >>> [apiv2][body] POST https://iam.googleapis.com/v1/projects/skyrayenginnering/serviceAccounts/skyrayenginnering@appspot.gserviceaccount.com:testIamPermissions {"permissions":["iam.serviceAccounts.actAs"]}
[debug] [2026-03-21T20:01:12.807Z] <<< [apiv2][status] POST https://iam.googleapis.com/v1/projects/skyrayenginnering/serviceAccounts/skyrayenginnering@appspot.gserviceaccount.com:testIamPermissions 200
[debug] [2026-03-21T20:01:12.807Z] <<< [apiv2][body] POST https://iam.googleapis.com/v1/projects/skyrayenginnering/serviceAccounts/skyrayenginnering@appspot.gserviceaccount.com:testIamPermissions {"permissions":["iam.serviceAccounts.actAs"]}
[info] 
[info] === Deploying to 'skyrayenginnering'...
[info] 
[info] i  deploying functions 
[info] Running command: npm --prefix "$RESOURCE_DIR" run build
[info] +  functions: Finished running predeploy script. 
[debug] [2026-03-21T20:01:23.505Z] Checked if tokens are valid: true, expires at: 1774126764346
[debug] [2026-03-21T20:01:23.505Z] Checked if tokens are valid: true, expires at: 1774126764346
[debug] [2026-03-21T20:01:23.505Z] >>> [apiv2][query] GET https://serviceusage.googleapis.com/v1/projects/skyrayenginnering/services/cloudresourcemanager.googleapis.com [none]
[debug] [2026-03-21T20:01:23.506Z] >>> [apiv2][(partial)header] GET https://serviceusage.googleapis.com/v1/projects/skyrayenginnering/services/cloudresourcemanager.googleapis.com  x-goog-user-project=skyrayenginnering
[debug] [2026-03-21T20:01:25.031Z] <<< [apiv2][status] GET https://serviceusage.googleapis.com/v1/projects/skyrayenginnering/services/cloudresourcemanager.googleapis.com 200
[debug] [2026-03-21T20:01:25.031Z] <<< [apiv2][body] GET https://serviceusage.googleapis.com/v1/projects/skyrayenginnering/services/cloudresourcemanager.googleapis.com [omitted]
[debug] [2026-03-21T20:01:25.042Z] Checked if tokens are valid: true, expires at: 1774126764346
[debug] [2026-03-21T20:01:25.042Z] Checked if tokens are valid: true, expires at: 1774126764346
[debug] [2026-03-21T20:01:25.043Z] >>> [apiv2][query] GET https://cloudresourcemanager.googleapis.com/v1/projects/skyrayenginnering [none]
[debug] [2026-03-21T20:01:26.461Z] <<< [apiv2][status] GET https://cloudresourcemanager.googleapis.com/v1/projects/skyrayenginnering 200
[debug] [2026-03-21T20:01:26.461Z] <<< [apiv2][body] GET https://cloudresourcemanager.googleapis.com/v1/projects/skyrayenginnering {"projectNumber":"387774192501","projectId":"skyrayenginnering","lifecycleState":"ACTIVE","name":"skyrayEnginnering","labels":{"firebase":"enabled","firebase-core":"disabled"},"createTime":"2026-03-21T07:36:07.005Z"}
[info] i  functions: preparing codebase default for deployment 
[info] i  functions: ensuring required API cloudfunctions.googleapis.com is enabled... 
[info] i  functions: ensuring required API cloudbuild.googleapis.com is enabled... 
[debug] [2026-03-21T20:01:26.464Z] Checked if tokens are valid: true, expires at: 1774126764346
[debug] [2026-03-21T20:01:26.464Z] Checked if tokens are valid: true, expires at: 1774126764346
[info] i  artifactregistry: ensuring required API artifactregistry.googleapis.com is enabled... 
[debug] [2026-03-21T20:01:26.465Z] Checked if tokens are valid: true, expires at: 1774126764346
[debug] [2026-03-21T20:01:26.465Z] Checked if tokens are valid: true, expires at: 1774126764346
[debug] [2026-03-21T20:01:26.465Z] >>> [apiv2][query] GET https://serviceusage.googleapis.com/v1/projects/skyrayenginnering/services/cloudbuild.googleapis.com [none]
[debug] [2026-03-21T20:01:26.465Z] >>> [apiv2][(partial)header] GET https://serviceusage.googleapis.com/v1/projects/skyrayenginnering/services/cloudbuild.googleapis.com  x-goog-user-project=skyrayenginnering
[debug] [2026-03-21T20:01:26.466Z] >>> [apiv2][query] GET https://serviceusage.googleapis.com/v1/projects/skyrayenginnering/services/artifactregistry.googleapis.com [none]
[debug] [2026-03-21T20:01:26.466Z] >>> [apiv2][(partial)header] GET https://serviceusage.googleapis.com/v1/projects/skyrayenginnering/services/artifactregistry.googleapis.com  x-goog-user-project=skyrayenginnering
[debug] [2026-03-21T20:01:26.958Z] <<< [apiv2][status] GET https://serviceusage.googleapis.com/v1/projects/skyrayenginnering/services/cloudbuild.googleapis.com 200
[debug] [2026-03-21T20:01:26.958Z] <<< [apiv2][body] GET https://serviceusage.googleapis.com/v1/projects/skyrayenginnering/services/cloudbuild.googleapis.com [omitted]
[info] +  functions: required API cloudbuild.googleapis.com is enabled 
[debug] [2026-03-21T20:01:28.043Z] <<< [apiv2][status] GET https://serviceusage.googleapis.com/v1/projects/skyrayenginnering/services/artifactregistry.googleapis.com 200
[debug] [2026-03-21T20:01:28.043Z] <<< [apiv2][body] GET https://serviceusage.googleapis.com/v1/projects/skyrayenginnering/services/artifactregistry.googleapis.com [omitted]
[info] +  artifactregistry: required API artifactregistry.googleapis.com is enabled 
[debug] [2026-03-21T20:01:28.055Z] Checked if tokens are valid: true, expires at: 1774126764346
[debug] [2026-03-21T20:01:28.055Z] Checked if tokens are valid: true, expires at: 1774126764346
[debug] [2026-03-21T20:01:28.055Z] >>> [apiv2][query] GET https://firebase.googleapis.com/v1beta1/projects/skyrayenginnering/adminSdkConfig [none]
[debug] [2026-03-21T20:01:28.842Z] <<< [apiv2][status] GET https://firebase.googleapis.com/v1beta1/projects/skyrayenginnering/adminSdkConfig 200
[debug] [2026-03-21T20:01:28.842Z] <<< [apiv2][body] GET https://firebase.googleapis.com/v1beta1/projects/skyrayenginnering/adminSdkConfig {"projectId":"skyrayenginnering","storageBucket":"skyrayenginnering.firebasestorage.app"}
[debug] [2026-03-21T20:01:28.844Z] Validating nodejs source
[debug] [2026-03-21T20:01:30.403Z] > [functions] package.json contents: {
  "name": "functions",
  "scripts": {
    "lint": "eslint --ext .js,.ts .",
    "build": "tsc",
    "build:watch": "tsc --watch",
    "serve": "npm run build && firebase emulators:start --only functions",
    "shell": "npm run build && firebase functions:shell",
    "start": "npm run shell",
    "deploy": "firebase deploy --only functions",
    "logs": "firebase functions:log"
  },
  "engines": {
    "node": "24"
  },
  "main": "lib/index.js",
  "dependencies": {
    "firebase-admin": "^13.6.0",
    "firebase-functions": "^7.0.0",
    "nodemailer": "^8.0.3"
  },
  "devDependencies": {
    "@types/nodemailer": "^7.0.11",
    "@typescript-eslint/eslint-plugin": "^5.12.0",
    "@typescript-eslint/parser": "^5.12.0",
    "eslint": "^8.9.0",
    "eslint-config-google": "^0.14.0",
    "eslint-plugin-import": "^2.25.4",
    "firebase-functions-test": "^3.4.1",
    "typescript": "^5.7.3"
  },
  "private": true
}
[debug] [2026-03-21T20:01:30.404Z] Building nodejs source
[info] i  functions: Loading and analyzing source code for codebase default to determine what to deploy 
[debug] [2026-03-21T20:01:30.406Z] Could not find functions.yaml. Must use http discovery
[debug] [2026-03-21T20:01:30.419Z] Found firebase-functions binary at 'D:\My Projects\Skyray-Business-Managment\skyray-front-next\functions\node_modules\.bin\firebase-functions'
[info] Serving at port 8826

[debug] [2026-03-21T20:01:31.172Z] Got response from /__/functions.yaml {"endpoints":{"sendContactEmail":{"availableMemoryMb":null,"timeoutSeconds":null,"minInstances":null,"maxInstances":null,"ingressSettings":null,"concurrency":null,"serviceAccountEmail":null,"vpc":null,"platform":"gcfv2","labels":{},"eventTrigger":{"eventType":"google.cloud.firestore.document.v1.created","eventFilters":{"database":"(default)","namespace":"(default)"},"eventFilterPathPatterns":{"document":"messages/{messageId}"},"retry":false},"entryPoint":"sendContactEmail"},"sendQuotationEmail":{"availableMemoryMb":null,"timeoutSeconds":null,"minInstances":null,"maxInstances":null,"ingressSettings":null,"concurrency":null,"serviceAccountEmail":null,"vpc":null,"platform":"gcfv2","labels":{},"eventTrigger":{"eventType":"google.cloud.firestore.document.v1.created","eventFilters":{"database":"(default)","namespace":"(default)"},"eventFilterPathPatterns":{"document":"quotations/{quoteId}"},"retry":false},"entryPoint":"sendQuotationEmail"},"onQuotationReply":{"availableMemoryMb":null,"timeoutSeconds":null,"minInstances":null,"maxInstances":null,"ingressSettings":null,"concurrency":null,"serviceAccountEmail":null,"vpc":null,"platform":"gcfv2","labels":{},"eventTrigger":{"eventType":"google.cloud.firestore.document.v1.updated","eventFilters":{"database":"(default)","namespace":"(default)"},"eventFilterPathPatterns":{"document":"quotations/{quoteId}"},"retry":false},"entryPoint":"onQuotationReply"}},"specVersion":"v1alpha1","requiredAPIs":[],"extensions":{}}
[info] i  extensions: ensuring required API firebaseextensions.googleapis.com is enabled... 
[debug] [2026-03-21T20:01:35.236Z] Checked if tokens are valid: true, expires at: 1774126764346
[debug] [2026-03-21T20:01:35.236Z] Checked if tokens are valid: true, expires at: 1774126764346
[debug] [2026-03-21T20:01:35.236Z] >>> [apiv2][query] GET https://serviceusage.googleapis.com/v1/projects/skyrayenginnering/services/firebaseextensions.googleapis.com [none]
[debug] [2026-03-21T20:01:35.236Z] >>> [apiv2][(partial)header] GET https://serviceusage.googleapis.com/v1/projects/skyrayenginnering/services/firebaseextensions.googleapis.com  x-goog-user-project=skyrayenginnering
[debug] [2026-03-21T20:01:36.683Z] <<< [apiv2][status] GET https://serviceusage.googleapis.com/v1/projects/skyrayenginnering/services/firebaseextensions.googleapis.com 200
[debug] [2026-03-21T20:01:36.683Z] <<< [apiv2][body] GET https://serviceusage.googleapis.com/v1/projects/skyrayenginnering/services/firebaseextensions.googleapis.com [omitted]
[warn] !  extensions: missing required API firebaseextensions.googleapis.com. Enabling now... 
[debug] [2026-03-21T20:01:36.684Z] Checked if tokens are valid: true, expires at: 1774126764346
[debug] [2026-03-21T20:01:36.684Z] Checked if tokens are valid: true, expires at: 1774126764346
[debug] [2026-03-21T20:01:36.684Z] >>> [apiv2][query] POST https://serviceusage.googleapis.com/v1/projects/skyrayenginnering/services/firebaseextensions.googleapis.com:enable [none]
[debug] [2026-03-21T20:01:36.685Z] >>> [apiv2][(partial)header] POST https://serviceusage.googleapis.com/v1/projects/skyrayenginnering/services/firebaseextensions.googleapis.com:enable  x-goog-user-project=skyrayenginnering
[debug] [2026-03-21T20:01:38.291Z] <<< [apiv2][status] POST https://serviceusage.googleapis.com/v1/projects/skyrayenginnering/services/firebaseextensions.googleapis.com:enable 200
[debug] [2026-03-21T20:01:38.291Z] <<< [apiv2][body] POST https://serviceusage.googleapis.com/v1/projects/skyrayenginnering/services/firebaseextensions.googleapis.com:enable [omitted]
[debug] [2026-03-21T20:01:48.322Z] > command requires scopes: ["email","openid","https://www.googleapis.com/auth/cloudplatformprojects.readonly","https://www.googleapis.com/auth/firebase","https://www.googleapis.com/auth/cloud-platform"]
[debug] [2026-03-21T20:01:48.322Z] > authorizing via signed-in user (pasinduudana12m2@gmail.com)
[debug] [2026-03-21T20:01:48.322Z] [iam] checking project skyrayenginnering for permissions ["firebase.projects.get","firebaseextensions.instances.list"]
[debug] [2026-03-21T20:01:48.323Z] Checked if tokens are valid: true, expires at: 1774126764346
[debug] [2026-03-21T20:01:48.323Z] Checked if tokens are valid: true, expires at: 1774126764346
[debug] [2026-03-21T20:01:48.323Z] >>> [apiv2][query] POST https://cloudresourcemanager.googleapis.com/v1/projects/skyrayenginnering:testIamPermissions [none]
[debug] [2026-03-21T20:01:48.323Z] >>> [apiv2][(partial)header] POST https://cloudresourcemanager.googleapis.com/v1/projects/skyrayenginnering:testIamPermissions  x-goog-user-project=skyrayenginnering
[debug] [2026-03-21T20:01:48.323Z] >>> [apiv2][body] POST https://cloudresourcemanager.googleapis.com/v1/projects/skyrayenginnering:testIamPermissions {"permissions":["firebase.projects.get","firebaseextensions.instances.list"]}
[debug] [2026-03-21T20:01:49.706Z] <<< [apiv2][status] POST https://cloudresourcemanager.googleapis.com/v1/projects/skyrayenginnering:testIamPermissions 200
[debug] [2026-03-21T20:01:49.706Z] <<< [apiv2][body] POST https://cloudresourcemanager.googleapis.com/v1/projects/skyrayenginnering:testIamPermissions {"permissions":["firebase.projects.get","firebaseextensions.instances.list"]}
[debug] [2026-03-21T20:01:49.707Z] Checked if tokens are valid: true, expires at: 1774126764346
[debug] [2026-03-21T20:01:49.707Z] Checked if tokens are valid: true, expires at: 1774126764346
[debug] [2026-03-21T20:01:49.708Z] >>> [apiv2][query] GET https://firebaseextensions.googleapis.com/v1beta/projects/skyrayenginnering/instances pageSize=100&pageToken=
[debug] [2026-03-21T20:01:53.982Z] <<< [apiv2][status] GET https://firebaseextensions.googleapis.com/v1beta/projects/skyrayenginnering/instances 200
[debug] [2026-03-21T20:01:53.982Z] <<< [apiv2][body] GET https://firebaseextensions.googleapis.com/v1beta/projects/skyrayenginnering/instances {}
[info] i  functions: preparing functions directory for uploading... 
[info] i  functions: packaged D:\My Projects\Skyray-Business-Managment\skyray-front-next\functions (101.13 KB) for uploading 
[debug] [2026-03-21T20:01:54.094Z] Checked if tokens are valid: true, expires at: 1774126764346
[debug] [2026-03-21T20:01:54.094Z] Checked if tokens are valid: true, expires at: 1774126764346
[debug] [2026-03-21T20:01:54.094Z] >>> [apiv2][query] GET https://cloudfunctions.googleapis.com/v1/projects/skyrayenginnering/locations/-/functions [none]
[debug] [2026-03-21T20:01:54.938Z] <<< [apiv2][status] GET https://cloudfunctions.googleapis.com/v1/projects/skyrayenginnering/locations/-/functions 200
[debug] [2026-03-21T20:01:54.938Z] <<< [apiv2][body] GET https://cloudfunctions.googleapis.com/v1/projects/skyrayenginnering/locations/-/functions {}
[debug] [2026-03-21T20:01:54.939Z] Checked if tokens are valid: true, expires at: 1774126764346
[debug] [2026-03-21T20:01:54.939Z] Checked if tokens are valid: true, expires at: 1774126764346
[debug] [2026-03-21T20:01:54.939Z] >>> [apiv2][query] GET https://cloudfunctions.googleapis.com/v2/projects/skyrayenginnering/locations/-/functions filter=environment%3D%22GEN_2%22
[debug] [2026-03-21T20:01:56.577Z] <<< [apiv2][status] GET https://cloudfunctions.googleapis.com/v2/projects/skyrayenginnering/locations/-/functions 200
[debug] [2026-03-21T20:01:56.577Z] <<< [apiv2][body] GET https://cloudfunctions.googleapis.com/v2/projects/skyrayenginnering/locations/-/functions {}
[debug] [2026-03-21T20:01:56.580Z] Checked if tokens are valid: true, expires at: 1774126764346
[debug] [2026-03-21T20:01:56.580Z] Checked if tokens are valid: true, expires at: 1774126764346
[debug] [2026-03-21T20:01:56.580Z] >>> [apiv2][query] GET https://firestore.googleapis.com/v1/projects/skyrayenginnering/databases/(default) [none]
[debug] [2026-03-21T20:01:56.800Z] <<< [apiv2][status] GET https://firestore.googleapis.com/v1/projects/skyrayenginnering/databases/(default) 200
[debug] [2026-03-21T20:01:56.800Z] <<< [apiv2][body] GET https://firestore.googleapis.com/v1/projects/skyrayenginnering/databases/(default) {"name":"projects/skyrayenginnering/databases/(default)","uid":"043dc5b1-7cd9-4847-b86e-74988cae63b6","createTime":"2026-03-21T14:02:40.201914Z","updateTime":"2026-03-21T14:02:40.201914Z","locationId":"asia-southeast1","type":"FIRESTORE_NATIVE","concurrencyMode":"PESSIMISTIC","versionRetentionPeriod":"3600s","earliestVersionTime":"2026-03-21T19:01:57.008288Z","appEngineIntegrationMode":"DISABLED","keyPrefix":"zas","pointInTimeRecoveryEnablement":"POINT_IN_TIME_RECOVERY_DISABLED","deleteProtectionState":"DELETE_PROTECTION_DISABLED","databaseEdition":"STANDARD","freeTier":true,"realtimeUpdatesMode":"REALTIME_UPDATES_MODE_ENABLED","etag":"ILis5LDksZMDML3X2/uVsZMD"}
[info] i  functions: ensuring required API run.googleapis.com is enabled... 
[debug] [2026-03-21T20:01:56.803Z] Checked if tokens are valid: true, expires at: 1774126764346
[debug] [2026-03-21T20:01:56.803Z] Checked if tokens are valid: true, expires at: 1774126764346
[info] i  functions: ensuring required API eventarc.googleapis.com is enabled... 
[debug] [2026-03-21T20:01:56.804Z] Checked if tokens are valid: true, expires at: 1774126764346
[debug] [2026-03-21T20:01:56.804Z] Checked if tokens are valid: true, expires at: 1774126764346
[info] i  functions: ensuring required API pubsub.googleapis.com is enabled... 
[debug] [2026-03-21T20:01:56.805Z] Checked if tokens are valid: true, expires at: 1774126764346
[debug] [2026-03-21T20:01:56.805Z] Checked if tokens are valid: true, expires at: 1774126764346
[info] i  functions: ensuring required API storage.googleapis.com is enabled... 
[debug] [2026-03-21T20:01:56.806Z] Checked if tokens are valid: true, expires at: 1774126764346
[debug] [2026-03-21T20:01:56.806Z] Checked if tokens are valid: true, expires at: 1774126764346
[debug] [2026-03-21T20:01:56.806Z] >>> [apiv2][query] GET https://serviceusage.googleapis.com/v1/projects/387774192501/services/run.googleapis.com [none]
[debug] [2026-03-21T20:01:56.806Z] >>> [apiv2][(partial)header] GET https://serviceusage.googleapis.com/v1/projects/387774192501/services/run.googleapis.com  x-goog-user-project=387774192501
[debug] [2026-03-21T20:01:56.808Z] >>> [apiv2][query] GET https://serviceusage.googleapis.com/v1/projects/387774192501/services/eventarc.googleapis.com [none]
[debug] [2026-03-21T20:01:56.808Z] >>> [apiv2][(partial)header] GET https://serviceusage.googleapis.com/v1/projects/387774192501/services/eventarc.googleapis.com  x-goog-user-project=387774192501
[debug] [2026-03-21T20:01:56.810Z] >>> [apiv2][query] GET https://serviceusage.googleapis.com/v1/projects/387774192501/services/pubsub.googleapis.com [none]
[debug] [2026-03-21T20:01:56.810Z] >>> [apiv2][(partial)header] GET https://serviceusage.googleapis.com/v1/projects/387774192501/services/pubsub.googleapis.com  x-goog-user-project=387774192501
[debug] [2026-03-21T20:01:56.812Z] >>> [apiv2][query] GET https://serviceusage.googleapis.com/v1/projects/387774192501/services/storage.googleapis.com [none]
[debug] [2026-03-21T20:01:56.813Z] >>> [apiv2][(partial)header] GET https://serviceusage.googleapis.com/v1/projects/387774192501/services/storage.googleapis.com  x-goog-user-project=387774192501
[debug] [2026-03-21T20:01:58.278Z] <<< [apiv2][status] GET https://serviceusage.googleapis.com/v1/projects/387774192501/services/pubsub.googleapis.com 200
[debug] [2026-03-21T20:01:58.278Z] <<< [apiv2][body] GET https://serviceusage.googleapis.com/v1/projects/387774192501/services/pubsub.googleapis.com [omitted]
[info] +  functions: required API pubsub.googleapis.com is enabled 
[debug] [2026-03-21T20:01:58.355Z] <<< [apiv2][status] GET https://serviceusage.googleapis.com/v1/projects/387774192501/services/storage.googleapis.com 200
[debug] [2026-03-21T20:01:58.355Z] <<< [apiv2][body] GET https://serviceusage.googleapis.com/v1/projects/387774192501/services/storage.googleapis.com [omitted]
[info] +  functions: required API storage.googleapis.com is enabled 
[debug] [2026-03-21T20:01:58.372Z] <<< [apiv2][status] GET https://serviceusage.googleapis.com/v1/projects/387774192501/services/eventarc.googleapis.com 200
[debug] [2026-03-21T20:01:58.373Z] <<< [apiv2][body] GET https://serviceusage.googleapis.com/v1/projects/387774192501/services/eventarc.googleapis.com [omitted]
[warn] !  functions: missing required API eventarc.googleapis.com. Enabling now... 
[debug] [2026-03-21T20:01:58.373Z] Checked if tokens are valid: true, expires at: 1774126764346
[debug] [2026-03-21T20:01:58.373Z] Checked if tokens are valid: true, expires at: 1774126764346
[debug] [2026-03-21T20:01:58.373Z] >>> [apiv2][query] POST https://serviceusage.googleapis.com/v1/projects/387774192501/services/eventarc.googleapis.com:enable [none]
[debug] [2026-03-21T20:01:58.373Z] >>> [apiv2][(partial)header] POST https://serviceusage.googleapis.com/v1/projects/387774192501/services/eventarc.googleapis.com:enable  x-goog-user-project=387774192501
[debug] [2026-03-21T20:01:58.411Z] <<< [apiv2][status] GET https://serviceusage.googleapis.com/v1/projects/387774192501/services/run.googleapis.com 200
[debug] [2026-03-21T20:01:58.412Z] <<< [apiv2][body] GET https://serviceusage.googleapis.com/v1/projects/387774192501/services/run.googleapis.com [omitted]
[info] +  functions: required API run.googleapis.com is enabled 
[debug] [2026-03-21T20:01:58.864Z] <<< [apiv2][status] POST https://serviceusage.googleapis.com/v1/projects/387774192501/services/eventarc.googleapis.com:enable 200
[debug] [2026-03-21T20:01:58.865Z] <<< [apiv2][body] POST https://serviceusage.googleapis.com/v1/projects/387774192501/services/eventarc.googleapis.com:enable [omitted]
[info] i  functions: generating the service identity for pubsub.googleapis.com... 
[debug] [2026-03-21T20:02:08.884Z] Checked if tokens are valid: true, expires at: 1774126764346
[debug] [2026-03-21T20:02:08.885Z] Checked if tokens are valid: true, expires at: 1774126764346
[info] i  functions: generating the service identity for eventarc.googleapis.com... 
[debug] [2026-03-21T20:02:08.885Z] Checked if tokens are valid: true, expires at: 1774126764346
[debug] [2026-03-21T20:02:08.885Z] Checked if tokens are valid: true, expires at: 1774126764346
[debug] [2026-03-21T20:02:08.885Z] >>> [apiv2][query] POST https://serviceusage.googleapis.com/v1beta1/projects/387774192501/services/pubsub.googleapis.com:generateServiceIdentity [none]
[debug] [2026-03-21T20:02:08.886Z] >>> [apiv2][(partial)header] POST https://serviceusage.googleapis.com/v1beta1/projects/387774192501/services/pubsub.googleapis.com:generateServiceIdentity  x-goog-user-project=387774192501
[debug] [2026-03-21T20:02:08.886Z] >>> [apiv2][body] POST https://serviceusage.googleapis.com/v1beta1/projects/387774192501/services/pubsub.googleapis.com:generateServiceIdentity {}
[debug] [2026-03-21T20:02:08.888Z] >>> [apiv2][query] POST https://serviceusage.googleapis.com/v1beta1/projects/387774192501/services/eventarc.googleapis.com:generateServiceIdentity [none]
[debug] [2026-03-21T20:02:08.888Z] >>> [apiv2][(partial)header] POST https://serviceusage.googleapis.com/v1beta1/projects/387774192501/services/eventarc.googleapis.com:generateServiceIdentity  x-goog-user-project=387774192501
[debug] [2026-03-21T20:02:08.888Z] >>> [apiv2][body] POST https://serviceusage.googleapis.com/v1beta1/projects/387774192501/services/eventarc.googleapis.com:generateServiceIdentity {}
[debug] [2026-03-21T20:02:10.719Z] <<< [apiv2][status] POST https://serviceusage.googleapis.com/v1beta1/projects/387774192501/services/pubsub.googleapis.com:generateServiceIdentity 200
[debug] [2026-03-21T20:02:10.719Z] <<< [apiv2][body] POST https://serviceusage.googleapis.com/v1beta1/projects/387774192501/services/pubsub.googleapis.com:generateServiceIdentity {"name":"operations/finished.DONE_OPERATION","done":true,"response":{"@type":"type.googleapis.com/google.api.serviceusage.v1beta1.ServiceIdentity","email":"service-387774192501@gcp-sa-pubsub.iam.gserviceaccount.com","uniqueId":"109451326651436416329"}}
[debug] [2026-03-21T20:02:10.895Z] <<< [apiv2][status] POST https://serviceusage.googleapis.com/v1beta1/projects/387774192501/services/eventarc.googleapis.com:generateServiceIdentity 200
[debug] [2026-03-21T20:02:10.895Z] <<< [apiv2][body] POST https://serviceusage.googleapis.com/v1beta1/projects/387774192501/services/eventarc.googleapis.com:generateServiceIdentity {"name":"operations/finished.DONE_OPERATION","done":true,"response":{"@type":"type.googleapis.com/google.api.serviceusage.v1beta1.ServiceIdentity","email":"service-387774192501@gcp-sa-eventarc.iam.gserviceaccount.com","uniqueId":"103469329695839497405"}}
[debug] [2026-03-21T20:02:10.898Z] Checked if tokens are valid: true, expires at: 1774126764346
[debug] [2026-03-21T20:02:10.898Z] Checked if tokens are valid: true, expires at: 1774126764346
[debug] [2026-03-21T20:02:10.898Z] >>> [apiv2][query] GET https://compute.googleapis.com/compute/v1/projects/387774192501 [none]
[debug] [2026-03-21T20:02:11.291Z] <<< [apiv2][status] GET https://compute.googleapis.com/compute/v1/projects/387774192501 403
[debug] [2026-03-21T20:02:11.292Z] <<< [apiv2][body] GET https://compute.googleapis.com/compute/v1/projects/387774192501 {"error":{"code":403,"message":"Compute Engine API has not been used in project 387774192501 before or it is disabled. Enable it by visiting https://console.developers.google.com/apis/api/compute.googleapis.com/overview?project=387774192501 then retry. If you enabled this API recently, wait a few minutes for the action to propagate to our systems and retry.","errors":[{"message":"Compute Engine API has not been used in project 387774192501 before or it is disabled. Enable it by visiting https://console.developers.google.com/apis/api/compute.googleapis.com/overview?project=387774192501 then retry. If you enabled this API recently, wait a few minutes for the action to propagate to our systems and retry.","domain":"usageLimits","reason":"accessNotConfigured","extendedHelp":"https://console.developers.google.com"}],"status":"PERMISSION_DENIED","details":[{"@type":"type.googleapis.com/google.rpc.ErrorInfo","reason":"SERVICE_DISABLED","domain":"googleapis.com","metadata":{"consumer":"projects/387774192501","containerInfo":"387774192501","service":"compute.googleapis.com","activationUrl":"https://console.developers.google.com/apis/api/compute.googleapis.com/overview?project=387774192501","serviceTitle":"Compute Engine API"}},{"@type":"type.googleapis.com/google.rpc.LocalizedMessage","locale":"en-US","message":"Compute Engine API has not been used in project 387774192501 before or it is disabled. Enable it by visiting https://console.developers.google.com/apis/api/compute.googleapis.com/overview?project=387774192501 then retry. If you enabled this API recently, wait a few minutes for the action to propagate to our systems and retry."},{"@type":"type.googleapis.com/google.rpc.Help","links":[{"description":"Google developers console API activation","url":"https://console.developers.google.com/apis/api/compute.googleapis.com/overview?project=387774192501"}]}]}}
[debug] [2026-03-21T20:02:11.292Z] unable to look up default compute service account. Falling back to 387774192501-compute@developer.gserviceaccount.com. Error: {"name":"FirebaseError","children":[],"context":{"body":{"error":{"code":403,"message":"Compute Engine API has not been used in project 387774192501 before or it is disabled. Enable it by visiting https://console.developers.google.com/apis/api/compute.googleapis.com/overview?project=387774192501 then retry. If you enabled this API recently, wait a few minutes for the action to propagate to our systems and retry.","errors":[{"message":"Compute Engine API has not been used in project 387774192501 before or it is disabled. Enable it by visiting https://console.developers.google.com/apis/api/compute.googleapis.com/overview?project=387774192501 then retry. If you enabled this API recently, wait a few minutes for the action to propagate to our systems and retry.","domain":"usageLimits","reason":"accessNotConfigured","extendedHelp":"https://console.developers.google.com"}],"status":"PERMISSION_DENIED","details":[{"@type":"type.googleapis.com/google.rpc.ErrorInfo","reason":"SERVICE_DISABLED","domain":"googleapis.com","metadata":{"consumer":"projects/387774192501","containerInfo":"387774192501","service":"compute.googleapis.com","activationUrl":"https://console.developers.google.com/apis/api/compute.googleapis.com/overview?project=387774192501","serviceTitle":"Compute Engine API"}},{"@type":"type.googleapis.com/google.rpc.LocalizedMessage","locale":"en-US","message":"Compute Engine API has not been used in project 387774192501 before or it is disabled. Enable it by visiting https://console.developers.google.com/apis/api/compute.googleapis.com/overview?project=387774192501 then retry. If you enabled this API recently, wait a few minutes for the action to propagate to our systems and retry."},{"@type":"type.googleapis.com/google.rpc.Help","links":[{"description":"Google developers console API activation","url":"https://console.developers.google.com/apis/api/compute.googleapis.com/overview?project=387774192501"}]}]}},"response":{"statusCode":403}},"exit":1,"message":"Request to https://compute.googleapis.com/compute/v1/projects/387774192501 had HTTP Error: 403, Compute Engine API has not been used in project 387774192501 before or it is disabled. Enable it by visiting https://console.developers.google.com/apis/api/compute.googleapis.com/overview?project=387774192501 then retry. If you enabled this API recently, wait a few minutes for the action to propagate to our systems and retry.","status":403}
[debug] [2026-03-21T20:02:11.293Z] Checked if tokens are valid: true, expires at: 1774126764346
[debug] [2026-03-21T20:02:11.293Z] Checked if tokens are valid: true, expires at: 1774126764346
[debug] [2026-03-21T20:02:11.293Z] >>> [apiv2][query] POST https://cloudresourcemanager.googleapis.com/v1/projects/387774192501:getIamPolicy [none]
[debug] [2026-03-21T20:02:12.750Z] <<< [apiv2][status] POST https://cloudresourcemanager.googleapis.com/v1/projects/387774192501:getIamPolicy 200
[debug] [2026-03-21T20:02:12.750Z] <<< [apiv2][body] POST https://cloudresourcemanager.googleapis.com/v1/projects/387774192501:getIamPolicy {"version":1,"etag":"BwZNjkXq6M4=","bindings":[{"role":"roles/artifactregistry.serviceAgent","members":["serviceAccount:service-387774192501@gcp-sa-artifactregistry.iam.gserviceaccount.com"]},{"role":"roles/cloudbuild.builds.builder","members":["serviceAccount:387774192501@cloudbuild.gserviceaccount.com"]},{"role":"roles/cloudbuild.serviceAgent","members":["serviceAccount:service-387774192501@gcp-sa-cloudbuild.iam.gserviceaccount.com"]},{"role":"roles/cloudfunctions.serviceAgent","members":["serviceAccount:service-387774192501@gcf-admin-robot.iam.gserviceaccount.com"]},{"role":"roles/containerregistry.ServiceAgent","members":["serviceAccount:service-387774192501@containerregistry.iam.gserviceaccount.com"]},{"role":"roles/developerconnect.readTokenAccessor","members":["serviceAccount:firebase-app-hosting-compute@skyrayenginnering.iam.gserviceaccount.com"]},{"role":"roles/developerconnect.serviceAgent","members":["serviceAccount:service-387774192501@gcp-sa-devconnect.iam.gserviceaccount.com"]},{"role":"roles/editor","members":["serviceAccount:387774192501-compute@developer.gserviceaccount.com","serviceAccount:387774192501@cloudservices.gserviceaccount.com","serviceAccount:skyrayenginnering@appspot.gserviceaccount.com"]},{"role":"roles/firebase.managementServiceAgent","members":["serviceAccount:service-387774192501@gcp-sa-firebase.iam.gserviceaccount.com"]},{"role":"roles/firebase.sdkAdminServiceAgent","members":["serviceAccount:firebase-adminsdk-fbsvc@skyrayenginnering.iam.gserviceaccount.com","serviceAccount:firebase-app-hosting-compute@skyrayenginnering.iam.gserviceaccount.com"]},{"role":"roles/firebaseapphosting.computeRunner","members":["serviceAccount:firebase-app-hosting-compute@skyrayenginnering.iam.gserviceaccount.com"]},{"role":"roles/firebaseapphosting.serviceAgent","members":["serviceAccount:service-387774192501@gcp-sa-firebaseapphosting.iam.gserviceaccount.com"]},{"role":"roles/firebaseauth.admin","members":["serviceAccount:firebase-adminsdk-fbsvc@skyrayenginnering.iam.gserviceaccount.com"]},{"role":"roles/firebasemods.serviceAgent","members":["serviceAccount:service-387774192501@gcp-sa-firebasemods.iam.gserviceaccount.com"]},{"role":"roles/firebaserules.system","members":["serviceAccount:service-387774192501@firebase-rules.iam.gserviceaccount.com"]},{"role":"roles/firebasestorage.serviceAgent","members":["serviceAccount:service-387774192501@gcp-sa-firebasestorage.iam.gserviceaccount.com"]},{"role":"roles/firestore.serviceAgent","members":["serviceAccount:service-387774192501@gcp-sa-firestore.iam.gserviceaccount.com"]},{"role":"roles/iam.serviceAccountTokenCreator","members":["serviceAccount:firebase-adminsdk-fbsvc@skyrayenginnering.iam.gserviceaccount.com"]},{"role":"roles/owner","members":["user:pasinduudana12m2@gmail.com"]},{"role":"roles/run.serviceAgent","members":["serviceAccount:service-387774192501@serverless-robot-prod.iam.gserviceaccount.com"]},{"role":"roles/secretmanager.admin_withcond_e7cc24c43be53ec4c436","members":["serviceAccount:service-387774192501@gcp-sa-devconnect.iam.gserviceaccount.com"]},{"role":"roles/storage.admin","members":["serviceAccount:firebase-adminsdk-fbsvc@skyrayenginnering.iam.gserviceaccount.com"]}]}
[debug] [2026-03-21T20:02:12.751Z] Checked if tokens are valid: true, expires at: 1774126764346
[debug] [2026-03-21T20:02:12.751Z] Checked if tokens are valid: true, expires at: 1774126764346
[debug] [2026-03-21T20:02:12.751Z] >>> [apiv2][query] POST https://cloudresourcemanager.googleapis.com/v1/projects/387774192501:setIamPolicy [none]
[debug] [2026-03-21T20:02:12.751Z] >>> [apiv2][body] POST https://cloudresourcemanager.googleapis.com/v1/projects/387774192501:setIamPolicy {"policy":{"version":1,"etag":"BwZNjkXq6M4=","bindings":[{"role":"roles/artifactregistry.serviceAgent","members":["serviceAccount:service-387774192501@gcp-sa-artifactregistry.iam.gserviceaccount.com"]},{"role":"roles/cloudbuild.builds.builder","members":["serviceAccount:387774192501@cloudbuild.gserviceaccount.com"]},{"role":"roles/cloudbuild.serviceAgent","members":["serviceAccount:service-387774192501@gcp-sa-cloudbuild.iam.gserviceaccount.com"]},{"role":"roles/cloudfunctions.serviceAgent","members":["serviceAccount:service-387774192501@gcf-admin-robot.iam.gserviceaccount.com"]},{"role":"roles/containerregistry.ServiceAgent","members":["serviceAccount:service-387774192501@containerregistry.iam.gserviceaccount.com"]},{"role":"roles/developerconnect.readTokenAccessor","members":["serviceAccount:firebase-app-hosting-compute@skyrayenginnering.iam.gserviceaccount.com"]},{"role":"roles/developerconnect.serviceAgent","members":["serviceAccount:service-387774192501@gcp-sa-devconnect.iam.gserviceaccount.com"]},{"role":"roles/editor","members":["serviceAccount:387774192501-compute@developer.gserviceaccount.com","serviceAccount:387774192501@cloudservices.gserviceaccount.com","serviceAccount:skyrayenginnering@appspot.gserviceaccount.com"]},{"role":"roles/firebase.managementServiceAgent","members":["serviceAccount:service-387774192501@gcp-sa-firebase.iam.gserviceaccount.com"]},{"role":"roles/firebase.sdkAdminServiceAgent","members":["serviceAccount:firebase-adminsdk-fbsvc@skyrayenginnering.iam.gserviceaccount.com","serviceAccount:firebase-app-hosting-compute@skyrayenginnering.iam.gserviceaccount.com"]},{"role":"roles/firebaseapphosting.computeRunner","members":["serviceAccount:firebase-app-hosting-compute@skyrayenginnering.iam.gserviceaccount.com"]},{"role":"roles/firebaseapphosting.serviceAgent","members":["serviceAccount:service-387774192501@gcp-sa-firebaseapphosting.iam.gserviceaccount.com"]},{"role":"roles/firebaseauth.admin","members":["serviceAccount:firebase-adminsdk-fbsvc@skyrayenginnering.iam.gserviceaccount.com"]},{"role":"roles/firebasemods.serviceAgent","members":["serviceAccount:service-387774192501@gcp-sa-firebasemods.iam.gserviceaccount.com"]},{"role":"roles/firebaserules.system","members":["serviceAccount:service-387774192501@firebase-rules.iam.gserviceaccount.com"]},{"role":"roles/firebasestorage.serviceAgent","members":["serviceAccount:service-387774192501@gcp-sa-firebasestorage.iam.gserviceaccount.com"]},{"role":"roles/firestore.serviceAgent","members":["serviceAccount:service-387774192501@gcp-sa-firestore.iam.gserviceaccount.com"]},{"role":"roles/iam.serviceAccountTokenCreator","members":["serviceAccount:firebase-adminsdk-fbsvc@skyrayenginnering.iam.gserviceaccount.com","serviceAccount:service-387774192501@gcp-sa-pubsub.iam.gserviceaccount.com"]},{"role":"roles/owner","members":["user:pasinduudana12m2@gmail.com"]},{"role":"roles/run.serviceAgent","members":["serviceAccount:service-387774192501@serverless-robot-prod.iam.gserviceaccount.com"]},{"role":"roles/secretmanager.admin_withcond_e7cc24c43be53ec4c436","members":["serviceAccount:service-387774192501@gcp-sa-devconnect.iam.gserviceaccount.com"]},{"role":"roles/storage.admin","members":["serviceAccount:firebase-adminsdk-fbsvc@skyrayenginnering.iam.gserviceaccount.com"]},{"role":"roles/run.invoker","members":["serviceAccount:387774192501-compute@developer.gserviceaccount.com"]},{"role":"roles/eventarc.eventReceiver","members":["serviceAccount:387774192501-compute@developer.gserviceaccount.com"]}]},"updateMask":"bindings"}
[debug] [2026-03-21T20:02:13.819Z] <<< [apiv2][status] POST https://cloudresourcemanager.googleapis.com/v1/projects/387774192501:setIamPolicy 200
[debug] [2026-03-21T20:02:13.819Z] <<< [apiv2][body] POST https://cloudresourcemanager.googleapis.com/v1/projects/387774192501:setIamPolicy {"version":1,"etag":"BwZNjkcam5s=","bindings":[{"role":"roles/artifactregistry.serviceAgent","members":["serviceAccount:service-387774192501@gcp-sa-artifactregistry.iam.gserviceaccount.com"]},{"role":"roles/cloudbuild.builds.builder","members":["serviceAccount:387774192501@cloudbuild.gserviceaccount.com"]},{"role":"roles/cloudbuild.serviceAgent","members":["serviceAccount:service-387774192501@gcp-sa-cloudbuild.iam.gserviceaccount.com"]},{"role":"roles/cloudfunctions.serviceAgent","members":["serviceAccount:service-387774192501@gcf-admin-robot.iam.gserviceaccount.com"]},{"role":"roles/containerregistry.ServiceAgent","members":["serviceAccount:service-387774192501@containerregistry.iam.gserviceaccount.com"]},{"role":"roles/developerconnect.readTokenAccessor","members":["serviceAccount:firebase-app-hosting-compute@skyrayenginnering.iam.gserviceaccount.com"]},{"role":"roles/developerconnect.serviceAgent","members":["serviceAccount:service-387774192501@gcp-sa-devconnect.iam.gserviceaccount.com"]},{"role":"roles/editor","members":["serviceAccount:387774192501-compute@developer.gserviceaccount.com","serviceAccount:387774192501@cloudservices.gserviceaccount.com","serviceAccount:skyrayenginnering@appspot.gserviceaccount.com"]},{"role":"roles/eventarc.eventReceiver","members":["serviceAccount:387774192501-compute@developer.gserviceaccount.com"]},{"role":"roles/firebase.managementServiceAgent","members":["serviceAccount:service-387774192501@gcp-sa-firebase.iam.gserviceaccount.com"]},{"role":"roles/firebase.sdkAdminServiceAgent","members":["serviceAccount:firebase-adminsdk-fbsvc@skyrayenginnering.iam.gserviceaccount.com","serviceAccount:firebase-app-hosting-compute@skyrayenginnering.iam.gserviceaccount.com"]},{"role":"roles/firebaseapphosting.computeRunner","members":["serviceAccount:firebase-app-hosting-compute@skyrayenginnering.iam.gserviceaccount.com"]},{"role":"roles/firebaseapphosting.serviceAgent","members":["serviceAccount:service-387774192501@gcp-sa-firebaseapphosting.iam.gserviceaccount.com"]},{"role":"roles/firebaseauth.admin","members":["serviceAccount:firebase-adminsdk-fbsvc@skyrayenginnering.iam.gserviceaccount.com"]},{"role":"roles/firebasemods.serviceAgent","members":["serviceAccount:service-387774192501@gcp-sa-firebasemods.iam.gserviceaccount.com"]},{"role":"roles/firebaserules.system","members":["serviceAccount:service-387774192501@firebase-rules.iam.gserviceaccount.com"]},{"role":"roles/firebasestorage.serviceAgent","members":["serviceAccount:service-387774192501@gcp-sa-firebasestorage.iam.gserviceaccount.com"]},{"role":"roles/firestore.serviceAgent","members":["serviceAccount:service-387774192501@gcp-sa-firestore.iam.gserviceaccount.com"]},{"role":"roles/iam.serviceAccountTokenCreator","members":["serviceAccount:firebase-adminsdk-fbsvc@skyrayenginnering.iam.gserviceaccount.com","serviceAccount:service-387774192501@gcp-sa-pubsub.iam.gserviceaccount.com"]},{"role":"roles/owner","members":["user:pasinduudana12m2@gmail.com"]},{"role":"roles/run.invoker","members":["serviceAccount:387774192501-compute@developer.gserviceaccount.com"]},{"role":"roles/run.serviceAgent","members":["serviceAccount:service-387774192501@serverless-robot-prod.iam.gserviceaccount.com"]},{"role":"roles/secretmanager.admin_withcond_e7cc24c43be53ec4c436","members":["serviceAccount:service-387774192501@gcp-sa-devconnect.iam.gserviceaccount.com"]},{"role":"roles/storage.admin","members":["serviceAccount:firebase-adminsdk-fbsvc@skyrayenginnering.iam.gserviceaccount.com"]}]}
[debug] [2026-03-21T20:02:13.820Z] Checked if tokens are valid: true, expires at: 1774126764346
[debug] [2026-03-21T20:02:13.820Z] Checked if tokens are valid: true, expires at: 1774126764346
[debug] [2026-03-21T20:02:13.820Z] >>> [apiv2][query] GET https://cloudresourcemanager.googleapis.com/v1/projects/skyrayenginnering [none]
[debug] [2026-03-21T20:02:14.143Z] <<< [apiv2][status] GET https://cloudresourcemanager.googleapis.com/v1/projects/skyrayenginnering 200
[debug] [2026-03-21T20:02:14.143Z] <<< [apiv2][body] GET https://cloudresourcemanager.googleapis.com/v1/projects/skyrayenginnering {"projectNumber":"387774192501","projectId":"skyrayenginnering","lifecycleState":"ACTIVE","name":"skyrayEnginnering","labels":{"firebase":"enabled","firebase-core":"disabled"},"createTime":"2026-03-21T07:36:07.005Z"}
[debug] [2026-03-21T20:02:14.143Z] Checked if tokens are valid: true, expires at: 1774126764346
[debug] [2026-03-21T20:02:14.143Z] Checked if tokens are valid: true, expires at: 1774126764346
[debug] [2026-03-21T20:02:14.143Z] >>> [apiv2][query] GET https://compute.googleapis.com/compute/v1/projects/387774192501 [none]
[debug] [2026-03-21T20:02:14.471Z] <<< [apiv2][status] GET https://compute.googleapis.com/compute/v1/projects/387774192501 403
[debug] [2026-03-21T20:02:14.471Z] <<< [apiv2][body] GET https://compute.googleapis.com/compute/v1/projects/387774192501 {"error":{"code":403,"message":"Compute Engine API has not been used in project 387774192501 before or it is disabled. Enable it by visiting https://console.developers.google.com/apis/api/compute.googleapis.com/overview?project=387774192501 then retry. If you enabled this API recently, wait a few minutes for the action to propagate to our systems and retry.","errors":[{"message":"Compute Engine API has not been used in project 387774192501 before or it is disabled. Enable it by visiting https://console.developers.google.com/apis/api/compute.googleapis.com/overview?project=387774192501 then retry. If you enabled this API recently, wait a few minutes for the action to propagate to our systems and retry.","domain":"usageLimits","reason":"accessNotConfigured","extendedHelp":"https://console.developers.google.com"}],"status":"PERMISSION_DENIED","details":[{"@type":"type.googleapis.com/google.rpc.ErrorInfo","reason":"SERVICE_DISABLED","domain":"googleapis.com","metadata":{"containerInfo":"387774192501","consumer":"projects/387774192501","service":"compute.googleapis.com","activationUrl":"https://console.developers.google.com/apis/api/compute.googleapis.com/overview?project=387774192501","serviceTitle":"Compute Engine API"}},{"@type":"type.googleapis.com/google.rpc.LocalizedMessage","locale":"en-US","message":"Compute Engine API has not been used in project 387774192501 before or it is disabled. Enable it by visiting https://console.developers.google.com/apis/api/compute.googleapis.com/overview?project=387774192501 then retry. If you enabled this API recently, wait a few minutes for the action to propagate to our systems and retry."},{"@type":"type.googleapis.com/google.rpc.Help","links":[{"description":"Google developers console API activation","url":"https://console.developers.google.com/apis/api/compute.googleapis.com/overview?project=387774192501"}]}]}}
[debug] [2026-03-21T20:02:14.471Z] unable to look up default compute service account. Falling back to 387774192501-compute@developer.gserviceaccount.com. Error: {"name":"FirebaseError","children":[],"context":{"body":{"error":{"code":403,"message":"Compute Engine API has not been used in project 387774192501 before or it is disabled. Enable it by visiting https://console.developers.google.com/apis/api/compute.googleapis.com/overview?project=387774192501 then retry. If you enabled this API recently, wait a few minutes for the action to propagate to our systems and retry.","errors":[{"message":"Compute Engine API has not been used in project 387774192501 before or it is disabled. Enable it by visiting https://console.developers.google.com/apis/api/compute.googleapis.com/overview?project=387774192501 then retry. If you enabled this API recently, wait a few minutes for the action to propagate to our systems and retry.","domain":"usageLimits","reason":"accessNotConfigured","extendedHelp":"https://console.developers.google.com"}],"status":"PERMISSION_DENIED","details":[{"@type":"type.googleapis.com/google.rpc.ErrorInfo","reason":"SERVICE_DISABLED","domain":"googleapis.com","metadata":{"containerInfo":"387774192501","consumer":"projects/387774192501","service":"compute.googleapis.com","activationUrl":"https://console.developers.google.com/apis/api/compute.googleapis.com/overview?project=387774192501","serviceTitle":"Compute Engine API"}},{"@type":"type.googleapis.com/google.rpc.LocalizedMessage","locale":"en-US","message":"Compute Engine API has not been used in project 387774192501 before or it is disabled. Enable it by visiting https://console.developers.google.com/apis/api/compute.googleapis.com/overview?project=387774192501 then retry. If you enabled this API recently, wait a few minutes for the action to propagate to our systems and retry."},{"@type":"type.googleapis.com/google.rpc.Help","links":[{"description":"Google developers console API activation","url":"https://console.developers.google.com/apis/api/compute.googleapis.com/overview?project=387774192501"}]}]}},"response":{"statusCode":403}},"exit":1,"message":"Request to https://compute.googleapis.com/compute/v1/projects/387774192501 had HTTP Error: 403, Compute Engine API has not been used in project 387774192501 before or it is disabled. Enable it by visiting https://console.developers.google.com/apis/api/compute.googleapis.com/overview?project=387774192501 then retry. If you enabled this API recently, wait a few minutes for the action to propagate to our systems and retry.","status":403}
[debug] [2026-03-21T20:02:14.471Z] Checked if tokens are valid: true, expires at: 1774126764346
[debug] [2026-03-21T20:02:14.471Z] Checked if tokens are valid: true, expires at: 1774126764346
[debug] [2026-03-21T20:02:14.471Z] >>> [apiv2][query] GET https://compute.googleapis.com/compute/v1/projects/387774192501 [none]
[debug] [2026-03-21T20:02:14.761Z] <<< [apiv2][status] GET https://compute.googleapis.com/compute/v1/projects/387774192501 403
[debug] [2026-03-21T20:02:14.762Z] <<< [apiv2][body] GET https://compute.googleapis.com/compute/v1/projects/387774192501 {"error":{"code":403,"message":"Compute Engine API has not been used in project 387774192501 before or it is disabled. Enable it by visiting https://console.developers.google.com/apis/api/compute.googleapis.com/overview?project=387774192501 then retry. If you enabled this API recently, wait a few minutes for the action to propagate to our systems and retry.","errors":[{"message":"Compute Engine API has not been used in project 387774192501 before or it is disabled. Enable it by visiting https://console.developers.google.com/apis/api/compute.googleapis.com/overview?project=387774192501 then retry. If you enabled this API recently, wait a few minutes for the action to propagate to our systems and retry.","domain":"usageLimits","reason":"accessNotConfigured","extendedHelp":"https://console.developers.google.com"}],"status":"PERMISSION_DENIED","details":[{"@type":"type.googleapis.com/google.rpc.ErrorInfo","reason":"SERVICE_DISABLED","domain":"googleapis.com","metadata":{"activationUrl":"https://console.developers.google.com/apis/api/compute.googleapis.com/overview?project=387774192501","service":"compute.googleapis.com","consumer":"projects/387774192501","serviceTitle":"Compute Engine API","containerInfo":"387774192501"}},{"@type":"type.googleapis.com/google.rpc.LocalizedMessage","locale":"en-US","message":"Compute Engine API has not been used in project 387774192501 before or it is disabled. Enable it by visiting https://console.developers.google.com/apis/api/compute.googleapis.com/overview?project=387774192501 then retry. If you enabled this API recently, wait a few minutes for the action to propagate to our systems and retry."},{"@type":"type.googleapis.com/google.rpc.Help","links":[{"description":"Google developers console API activation","url":"https://console.developers.google.com/apis/api/compute.googleapis.com/overview?project=387774192501"}]}]}}
[debug] [2026-03-21T20:02:14.762Z] unable to look up default compute service account. Falling back to 387774192501-compute@developer.gserviceaccount.com. Error: {"name":"FirebaseError","children":[],"context":{"body":{"error":{"code":403,"message":"Compute Engine API has not been used in project 387774192501 before or it is disabled. Enable it by visiting https://console.developers.google.com/apis/api/compute.googleapis.com/overview?project=387774192501 then retry. If you enabled this API recently, wait a few minutes for the action to propagate to our systems and retry.","errors":[{"message":"Compute Engine API has not been used in project 387774192501 before or it is disabled. Enable it by visiting https://console.developers.google.com/apis/api/compute.googleapis.com/overview?project=387774192501 then retry. If you enabled this API recently, wait a few minutes for the action to propagate to our systems and retry.","domain":"usageLimits","reason":"accessNotConfigured","extendedHelp":"https://console.developers.google.com"}],"status":"PERMISSION_DENIED","details":[{"@type":"type.googleapis.com/google.rpc.ErrorInfo","reason":"SERVICE_DISABLED","domain":"googleapis.com","metadata":{"activationUrl":"https://console.developers.google.com/apis/api/compute.googleapis.com/overview?project=387774192501","service":"compute.googleapis.com","consumer":"projects/387774192501","serviceTitle":"Compute Engine API","containerInfo":"387774192501"}},{"@type":"type.googleapis.com/google.rpc.LocalizedMessage","locale":"en-US","message":"Compute Engine API has not been used in project 387774192501 before or it is disabled. Enable it by visiting https://console.developers.google.com/apis/api/compute.googleapis.com/overview?project=387774192501 then retry. If you enabled this API recently, wait a few minutes for the action to propagate to our systems and retry."},{"@type":"type.googleapis.com/google.rpc.Help","links":[{"description":"Google developers console API activation","url":"https://console.developers.google.com/apis/api/compute.googleapis.com/overview?project=387774192501"}]}]}},"response":{"statusCode":403}},"exit":1,"message":"Request to https://compute.googleapis.com/compute/v1/projects/387774192501 had HTTP Error: 403, Compute Engine API has not been used in project 387774192501 before or it is disabled. Enable it by visiting https://console.developers.google.com/apis/api/compute.googleapis.com/overview?project=387774192501 then retry. If you enabled this API recently, wait a few minutes for the action to propagate to our systems and retry.","status":403}
[debug] [2026-03-21T20:02:14.762Z] Checked if tokens are valid: true, expires at: 1774126764346
[debug] [2026-03-21T20:02:14.762Z] Checked if tokens are valid: true, expires at: 1774126764346
[debug] [2026-03-21T20:02:14.762Z] >>> [apiv2][query] GET https://compute.googleapis.com/compute/v1/projects/387774192501 [none]
[debug] [2026-03-21T20:02:15.110Z] <<< [apiv2][status] GET https://compute.googleapis.com/compute/v1/projects/387774192501 403
[debug] [2026-03-21T20:02:15.110Z] <<< [apiv2][body] GET https://compute.googleapis.com/compute/v1/projects/387774192501 {"error":{"code":403,"message":"Compute Engine API has not been used in project 387774192501 before or it is disabled. Enable it by visiting https://console.developers.google.com/apis/api/compute.googleapis.com/overview?project=387774192501 then retry. If you enabled this API recently, wait a few minutes for the action to propagate to our systems and retry.","errors":[{"message":"Compute Engine API has not been used in project 387774192501 before or it is disabled. Enable it by visiting https://console.developers.google.com/apis/api/compute.googleapis.com/overview?project=387774192501 then retry. If you enabled this API recently, wait a few minutes for the action to propagate to our systems and retry.","domain":"usageLimits","reason":"accessNotConfigured","extendedHelp":"https://console.developers.google.com"}],"status":"PERMISSION_DENIED","details":[{"@type":"type.googleapis.com/google.rpc.ErrorInfo","reason":"SERVICE_DISABLED","domain":"googleapis.com","metadata":{"consumer":"projects/387774192501","serviceTitle":"Compute Engine API","activationUrl":"https://console.developers.google.com/apis/api/compute.googleapis.com/overview?project=387774192501","service":"compute.googleapis.com","containerInfo":"387774192501"}},{"@type":"type.googleapis.com/google.rpc.LocalizedMessage","locale":"en-US","message":"Compute Engine API has not been used in project 387774192501 before or it is disabled. Enable it by visiting https://console.developers.google.com/apis/api/compute.googleapis.com/overview?project=387774192501 then retry. If you enabled this API recently, wait a few minutes for the action to propagate to our systems and retry."},{"@type":"type.googleapis.com/google.rpc.Help","links":[{"description":"Google developers console API activation","url":"https://console.developers.google.com/apis/api/compute.googleapis.com/overview?project=387774192501"}]}]}}
[debug] [2026-03-21T20:02:15.110Z] unable to look up default compute service account. Falling back to 387774192501-compute@developer.gserviceaccount.com. Error: {"name":"FirebaseError","children":[],"context":{"body":{"error":{"code":403,"message":"Compute Engine API has not been used in project 387774192501 before or it is disabled. Enable it by visiting https://console.developers.google.com/apis/api/compute.googleapis.com/overview?project=387774192501 then retry. If you enabled this API recently, wait a few minutes for the action to propagate to our systems and retry.","errors":[{"message":"Compute Engine API has not been used in project 387774192501 before or it is disabled. Enable it by visiting https://console.developers.google.com/apis/api/compute.googleapis.com/overview?project=387774192501 then retry. If you enabled this API recently, wait a few minutes for the action to propagate to our systems and retry.","domain":"usageLimits","reason":"accessNotConfigured","extendedHelp":"https://console.developers.google.com"}],"status":"PERMISSION_DENIED","details":[{"@type":"type.googleapis.com/google.rpc.ErrorInfo","reason":"SERVICE_DISABLED","domain":"googleapis.com","metadata":{"consumer":"projects/387774192501","serviceTitle":"Compute Engine API","activationUrl":"https://console.developers.google.com/apis/api/compute.googleapis.com/overview?project=387774192501","service":"compute.googleapis.com","containerInfo":"387774192501"}},{"@type":"type.googleapis.com/google.rpc.LocalizedMessage","locale":"en-US","message":"Compute Engine API has not been used in project 387774192501 before or it is disabled. Enable it by visiting https://console.developers.google.com/apis/api/compute.googleapis.com/overview?project=387774192501 then retry. If you enabled this API recently, wait a few minutes for the action to propagate to our systems and retry."},{"@type":"type.googleapis.com/google.rpc.Help","links":[{"description":"Google developers console API activation","url":"https://console.developers.google.com/apis/api/compute.googleapis.com/overview?project=387774192501"}]}]}},"response":{"statusCode":403}},"exit":1,"message":"Request to https://compute.googleapis.com/compute/v1/projects/387774192501 had HTTP Error: 403, Compute Engine API has not been used in project 387774192501 before or it is disabled. Enable it by visiting https://console.developers.google.com/apis/api/compute.googleapis.com/overview?project=387774192501 then retry. If you enabled this API recently, wait a few minutes for the action to propagate to our systems and retry.","status":403}
[debug] [2026-03-21T20:02:15.112Z] Checked if tokens are valid: true, expires at: 1774126764346
[debug] [2026-03-21T20:02:15.112Z] Checked if tokens are valid: true, expires at: 1774126764346
[debug] [2026-03-21T20:02:15.112Z] >>> [apiv2][query] GET https://cloudbilling.googleapis.com/v1/projects/skyrayenginnering/billingInfo [none]
[debug] [2026-03-21T20:02:16.523Z] <<< [apiv2][status] GET https://cloudbilling.googleapis.com/v1/projects/skyrayenginnering/billingInfo 200
[debug] [2026-03-21T20:02:16.523Z] <<< [apiv2][body] GET https://cloudbilling.googleapis.com/v1/projects/skyrayenginnering/billingInfo {"name":"projects/skyrayenginnering/billingInfo","projectId":"skyrayenginnering","billingAccountName":"billingAccounts/01F80D-47F12B-F19920","billingEnabled":true}
[debug] [2026-03-21T20:02:16.525Z] Checked if tokens are valid: true, expires at: 1774126764346
[debug] [2026-03-21T20:02:16.525Z] Checked if tokens are valid: true, expires at: 1774126764346
[debug] [2026-03-21T20:02:16.526Z] >>> [apiv2][query] POST https://cloudfunctions.googleapis.com/v2/projects/skyrayenginnering/locations/us-central1/functions:generateUploadUrl [none]
[debug] [2026-03-21T20:02:19.221Z] <<< [apiv2][status] POST https://cloudfunctions.googleapis.com/v2/projects/skyrayenginnering/locations/us-central1/functions:generateUploadUrl 200
[debug] [2026-03-21T20:02:19.221Z] <<< [apiv2][body] POST https://cloudfunctions.googleapis.com/v2/projects/skyrayenginnering/locations/us-central1/functions:generateUploadUrl {"uploadUrl":"https://storage.googleapis.com/gcf-v2-uploads-387774192501.us-central1.cloudfunctions.appspot.com/3cd13573-4d8b-4f67-9836-83bd546b3816.zip?GoogleAccessId=service-387774192501@gcf-admin-robot.iam.gserviceaccount.com&Expires=1774125139&Signature=DBN%2BXmj4sslz75vB7%2F%2FNjcbp1d6pJGI97kO7cHnBB5n0b8qZiTwjhDejeFGQYlEnvEUyJ5dnIn4zBkwZ0WnYQyvxPf5i1GfOBejtkvo65KK0OmXLf7RlWqX9hdjhSss9xLbvgKZeeel2evQHs0OapY0RhvrGURKbI3N7QscoMYD7S5GtPvkBLLjQTkFbfTRBGFy8mXVDKnZA9Eq7X7YbuxVougffqU33VvoXRLpreMdS0zk%2BblWzvsxlsFXU%2Byzyo%2B1RxiUliBdQHpGHpJDHMnS12u%2FdBbopc7EzfHTYd%2FIwIkLb2C3I%2F51LwfgOfqgFLqcXnERn8Ge0wr8oInD1DQ%3D%3D","storageSource":{"bucket":"gcf-v2-uploads-387774192501.us-central1.cloudfunctions.appspot.com","object":"3cd13573-4d8b-4f67-9836-83bd546b3816.zip"}}
[debug] [2026-03-21T20:02:19.229Z] >>> [apiv2][query] PUT https://storage.googleapis.com/gcf-v2-uploads-387774192501.us-central1.cloudfunctions.appspot.com/3cd13573-4d8b-4f67-9836-83bd546b3816.zip GoogleAccessId=service-387774192501%40gcf-admin-robot.iam.gserviceaccount.com&Expires=1774125139&Signature=DBN%2BXmj4sslz75vB7%2F%2FNjcbp1d6pJGI97kO7cHnBB5n0b8qZiTwjhDejeFGQYlEnvEUyJ5dnIn4zBkwZ0WnYQyvxPf5i1GfOBejtkvo65KK0OmXLf7RlWqX9hdjhSss9xLbvgKZeeel2evQHs0OapY0RhvrGURKbI3N7QscoMYD7S5GtPvkBLLjQTkFbfTRBGFy8mXVDKnZA9Eq7X7YbuxVougffqU33VvoXRLpreMdS0zk%2BblWzvsxlsFXU%2Byzyo%2B1RxiUliBdQHpGHpJDHMnS12u%2FdBbopc7EzfHTYd%2FIwIkLb2C3I%2F51LwfgOfqgFLqcXnERn8Ge0wr8oInD1DQ%3D%3D
[debug] [2026-03-21T20:02:19.229Z] >>> [apiv2][body] PUT https://storage.googleapis.com/gcf-v2-uploads-387774192501.us-central1.cloudfunctions.appspot.com/3cd13573-4d8b-4f67-9836-83bd546b3816.zip [stream]
[debug] [2026-03-21T20:02:20.126Z] <<< [apiv2][status] PUT https://storage.googleapis.com/gcf-v2-uploads-387774192501.us-central1.cloudfunctions.appspot.com/3cd13573-4d8b-4f67-9836-83bd546b3816.zip 200
[debug] [2026-03-21T20:02:20.126Z] <<< [apiv2][body] PUT https://storage.googleapis.com/gcf-v2-uploads-387774192501.us-central1.cloudfunctions.appspot.com/3cd13573-4d8b-4f67-9836-83bd546b3816.zip [omitted]
[info] +  functions: functions source uploaded successfully 
[info] i  functions: creating Node.js 24 (2nd Gen) function sendContactEmail(us-central1)... 
[info] i  functions: creating Node.js 24 (2nd Gen) function sendQuotationEmail(us-central1)... 
[info] i  functions: creating Node.js 24 (2nd Gen) function onQuotationReply(us-central1)... 
[debug] [2026-03-21T20:02:20.132Z] Checked if tokens are valid: true, expires at: 1774126764346
[debug] [2026-03-21T20:02:20.132Z] Checked if tokens are valid: true, expires at: 1774126764346
[debug] [2026-03-21T20:02:20.133Z] >>> [apiv2][query] POST https://cloudfunctions.googleapis.com/v2/projects/skyrayenginnering/locations/us-central1/functions functionId=sendContactEmail
[debug] [2026-03-21T20:02:20.133Z] >>> [apiv2][body] POST https://cloudfunctions.googleapis.com/v2/projects/skyrayenginnering/locations/us-central1/functions {"name":"projects/skyrayenginnering/locations/us-central1/functions/sendContactEmail","buildConfig":{"runtime":"nodejs24","entryPoint":"sendContactEmail","source":{"storageSource":{"bucket":"gcf-v2-uploads-387774192501.us-central1.cloudfunctions.appspot.com","object":"3cd13573-4d8b-4f67-9836-83bd546b3816.zip"}},"environmentVariables":{"GOOGLE_NODE_RUN_SCRIPTS":""}},"serviceConfig":{"environmentVariables":{"FIREBASE_CONFIG":"{\"projectId\":\"skyrayenginnering\",\"storageBucket\":\"skyrayenginnering.firebasestorage.app\"}","GCLOUD_PROJECT":"skyrayenginnering","EVENTARC_CLOUD_EVENT_SOURCE":"projects/skyrayenginnering/locations/us-central1/services/sendContactEmail","FUNCTION_SIGNATURE_TYPE":"cloudevent","FUNCTION_TARGET":"sendContactEmail","LOG_EXECUTION_ID":"true"},"ingressSettings":null,"timeoutSeconds":null,"serviceAccountEmail":null,"availableMemory":"256Mi","minInstanceCount":null,"maxInstanceCount":null,"maxInstanceRequestConcurrency":80,"availableCpu":"1","vpcConnector":null,"vpcConnectorEgressSettings":null,"directVpcNetworkInterface":null,"directVpcEgress":null},"labels":{"deployment-tool":"cli-firebase","firebase-functions-hash":"7e4347ab2ff64dcef17cb3020d825488118e7a08"},"eventTrigger":{"eventType":"google.cloud.firestore.document.v1.created","retryPolicy":"RETRY_POLICY_DO_NOT_RETRY","eventFilters":[{"attribute":"database","value":"(default)"},{"attribute":"namespace","value":"(default)"},{"attribute":"document","value":"messages/{messageId}","operator":"match-path-pattern"}],"triggerRegion":"asia-southeast1"}}
[debug] [2026-03-21T20:02:39.099Z] <<< [apiv2][status] POST https://cloudfunctions.googleapis.com/v2/projects/skyrayenginnering/locations/us-central1/functions 400
[debug] [2026-03-21T20:02:39.099Z] <<< [apiv2][body] POST https://cloudfunctions.googleapis.com/v2/projects/skyrayenginnering/locations/us-central1/functions {"error":{"code":400,"message":"Validation failed for trigger projects/skyrayenginnering/locations/asia-southeast1/triggers/sendcontactemail-062816: Invalid resource state for \"\": Permission denied while using the Eventarc Service Agent. If you recently started to use Eventarc, it may take a few minutes before all necessary permissions are propagated to the Service Agent. Otherwise, verify that it has Eventarc Service Agent role.","status":"FAILED_PRECONDITION"}}
[warn] !  functions: Request to https://cloudfunctions.googleapis.com/v2/projects/skyrayenginnering/locations/us-central1/functions?functionId=sendContactEmail had HTTP Error: 400, Validation failed for trigger projects/skyrayenginnering/locations/asia-southeast1/triggers/sendcontactemail-062816: Invalid resource state for "": Permission denied while using the Eventarc Service Agent. If you recently started to use Eventarc, it may take a few minutes before all necessary permissions are propagated to the Service Agent. Otherwise, verify that it has Eventarc Service Agent role. 
[warn] !  functions: Since this is your first time using 2nd gen functions, we need a little bit longer to finish setting everything up. Retry the deployment in a few minutes. 
[warn] !  functions:  failed to create function projects/skyrayenginnering/locations/us-central1/functions/sendContactEmail 
[error] Failed to create function projects/skyrayenginnering/locations/us-central1/functions/sendContactEmail
[debug] [2026-03-21T20:02:39.101Z] Checked if tokens are valid: true, expires at: 1774126764346
[debug] [2026-03-21T20:02:39.101Z] Checked if tokens are valid: true, expires at: 1774126764346
[debug] [2026-03-21T20:02:39.102Z] Checked if tokens are valid: true, expires at: 1774126764346
[debug] [2026-03-21T20:02:39.102Z] Checked if tokens are valid: true, expires at: 1774126764346
[debug] [2026-03-21T20:02:39.102Z] >>> [apiv2][query] POST https://cloudfunctions.googleapis.com/v2/projects/skyrayenginnering/locations/us-central1/functions functionId=sendQuotationEmail
[debug] [2026-03-21T20:02:39.102Z] >>> [apiv2][body] POST https://cloudfunctions.googleapis.com/v2/projects/skyrayenginnering/locations/us-central1/functions {"name":"projects/skyrayenginnering/locations/us-central1/functions/sendQuotationEmail","buildConfig":{"runtime":"nodejs24","entryPoint":"sendQuotationEmail","source":{"storageSource":{"bucket":"gcf-v2-uploads-387774192501.us-central1.cloudfunctions.appspot.com","object":"3cd13573-4d8b-4f67-9836-83bd546b3816.zip"}},"environmentVariables":{"GOOGLE_NODE_RUN_SCRIPTS":""}},"serviceConfig":{"environmentVariables":{"FIREBASE_CONFIG":"{\"projectId\":\"skyrayenginnering\",\"storageBucket\":\"skyrayenginnering.firebasestorage.app\"}","GCLOUD_PROJECT":"skyrayenginnering","EVENTARC_CLOUD_EVENT_SOURCE":"projects/skyrayenginnering/locations/us-central1/services/sendQuotationEmail","FUNCTION_SIGNATURE_TYPE":"cloudevent","FUNCTION_TARGET":"sendQuotationEmail","LOG_EXECUTION_ID":"true"},"ingressSettings":null,"timeoutSeconds":null,"serviceAccountEmail":null,"availableMemory":"256Mi","minInstanceCount":null,"maxInstanceCount":null,"maxInstanceRequestConcurrency":80,"availableCpu":"1","vpcConnector":null,"vpcConnectorEgressSettings":null,"directVpcNetworkInterface":null,"directVpcEgress":null},"labels":{"deployment-tool":"cli-firebase","firebase-functions-hash":"7e4347ab2ff64dcef17cb3020d825488118e7a08"},"eventTrigger":{"eventType":"google.cloud.firestore.document.v1.created","retryPolicy":"RETRY_POLICY_DO_NOT_RETRY","eventFilters":[{"attribute":"database","value":"(default)"},{"attribute":"namespace","value":"(default)"},{"attribute":"document","value":"quotations/{quoteId}","operator":"match-path-pattern"}],"triggerRegion":"asia-southeast1"}}
[debug] [2026-03-21T20:02:39.102Z] >>> [apiv2][query] POST https://cloudfunctions.googleapis.com/v2/projects/skyrayenginnering/locations/us-central1/functions functionId=onQuotationReply
[debug] [2026-03-21T20:02:39.102Z] >>> [apiv2][body] POST https://cloudfunctions.googleapis.com/v2/projects/skyrayenginnering/locations/us-central1/functions {"name":"projects/skyrayenginnering/locations/us-central1/functions/onQuotationReply","buildConfig":{"runtime":"nodejs24","entryPoint":"onQuotationReply","source":{"storageSource":{"bucket":"gcf-v2-uploads-387774192501.us-central1.cloudfunctions.appspot.com","object":"3cd13573-4d8b-4f67-9836-83bd546b3816.zip"}},"environmentVariables":{"GOOGLE_NODE_RUN_SCRIPTS":""}},"serviceConfig":{"environmentVariables":{"FIREBASE_CONFIG":"{\"projectId\":\"skyrayenginnering\",\"storageBucket\":\"skyrayenginnering.firebasestorage.app\"}","GCLOUD_PROJECT":"skyrayenginnering","EVENTARC_CLOUD_EVENT_SOURCE":"projects/skyrayenginnering/locations/us-central1/services/onQuotationReply","FUNCTION_SIGNATURE_TYPE":"cloudevent","FUNCTION_TARGET":"onQuotationReply","LOG_EXECUTION_ID":"true"},"ingressSettings":null,"timeoutSeconds":null,"serviceAccountEmail":null,"availableMemory":"256Mi","minInstanceCount":null,"maxInstanceCount":null,"maxInstanceRequestConcurrency":80,"availableCpu":"1","vpcConnector":null,"vpcConnectorEgressSettings":null,"directVpcNetworkInterface":null,"directVpcEgress":null},"labels":{"deployment-tool":"cli-firebase","firebase-functions-hash":"7e4347ab2ff64dcef17cb3020d825488118e7a08"},"eventTrigger":{"eventType":"google.cloud.firestore.document.v1.updated","retryPolicy":"RETRY_POLICY_DO_NOT_RETRY","eventFilters":[{"attribute":"database","value":"(default)"},{"attribute":"namespace","value":"(default)"},{"attribute":"document","value":"quotations/{quoteId}","operator":"match-path-pattern"}],"triggerRegion":"asia-southeast1"}}
[debug] [2026-03-21T20:02:56.680Z] <<< [apiv2][status] POST https://cloudfunctions.googleapis.com/v2/projects/skyrayenginnering/locations/us-central1/functions 400
[debug] [2026-03-21T20:02:56.680Z] <<< [apiv2][body] POST https://cloudfunctions.googleapis.com/v2/projects/skyrayenginnering/locations/us-central1/functions {"error":{"code":400,"message":"Validation failed for trigger projects/skyrayenginnering/locations/asia-southeast1/triggers/sendquotationemail-559290: Invalid resource state for \"\": Permission denied while using the Eventarc Service Agent. If you recently started to use Eventarc, it may take a few minutes before all necessary permissions are propagated to the Service Agent. Otherwise, verify that it has Eventarc Service Agent role.","status":"FAILED_PRECONDITION"}}
[warn] !  functions: Request to https://cloudfunctions.googleapis.com/v2/projects/skyrayenginnering/locations/us-central1/functions?functionId=sendQuotationEmail had HTTP Error: 400, Validation failed for trigger projects/skyrayenginnering/locations/asia-southeast1/triggers/sendquotationemail-559290: Invalid resource state for "": Permission denied while using the Eventarc Service Agent. If you recently started to use Eventarc, it may take a few minutes before all necessary permissions are propagated to the Service Agent. Otherwise, verify that it has Eventarc Service Agent role. 
[warn] !  functions: Since this is your first time using 2nd gen functions, we need a little bit longer to finish setting everything up. Retry the deployment in a few minutes. 
[warn] !  functions:  failed to create function projects/skyrayenginnering/locations/us-central1/functions/sendQuotationEmail 
[error] Failed to create function projects/skyrayenginnering/locations/us-central1/functions/sendQuotationEmail
[debug] [2026-03-21T20:02:56.832Z] <<< [apiv2][status] POST https://cloudfunctions.googleapis.com/v2/projects/skyrayenginnering/locations/us-central1/functions 400
[debug] [2026-03-21T20:02:56.832Z] <<< [apiv2][body] POST https://cloudfunctions.googleapis.com/v2/projects/skyrayenginnering/locations/us-central1/functions {"error":{"code":400,"message":"Validation failed for trigger projects/skyrayenginnering/locations/asia-southeast1/triggers/onquotationreply-930687: Invalid resource state for \"\": Permission denied while using the Eventarc Service Agent. If you recently started to use Eventarc, it may take a few minutes before all necessary permissions are propagated to the Service Agent. Otherwise, verify that it has Eventarc Service Agent role.","status":"FAILED_PRECONDITION"}}
[warn] !  functions: Request to https://cloudfunctions.googleapis.com/v2/projects/skyrayenginnering/locations/us-central1/functions?functionId=onQuotationReply had HTTP Error: 400, Validation failed for trigger projects/skyrayenginnering/locations/asia-southeast1/triggers/onquotationreply-930687: Invalid resource state for "": Permission denied while using the Eventarc Service Agent. If you recently started to use Eventarc, it may take a few minutes before all necessary permissions are propagated to the Service Agent. Otherwise, verify that it has Eventarc Service Agent role. 
[warn] !  functions: Since this is your first time using 2nd gen functions, we need a little bit longer to finish setting everything up. Retry the deployment in a few minutes. 
[warn] !  functions:  failed to create function projects/skyrayenginnering/locations/us-central1/functions/onQuotationReply 
[error] Failed to create function projects/skyrayenginnering/locations/us-central1/functions/onQuotationReply
[debug] [2026-03-21T20:02:56.844Z] Total Function Deployment time: 36705
[debug] [2026-03-21T20:02:56.844Z] 3 Functions Deployed
[debug] [2026-03-21T20:02:56.844Z] 3 Functions Errored
[debug] [2026-03-21T20:02:56.844Z] 0 Function Deployments Aborted
[debug] [2026-03-21T20:02:56.844Z] Average Function Deployment time: 30742
[info] 
[info] Functions deploy had errors with the following functions:
	onQuotationReply(us-central1)
	sendContactEmail(us-central1)
	sendQuotationEmail(us-central1)
[debug] [2026-03-21T20:02:57.012Z] Checked if tokens are valid: true, expires at: 1774126764346
[debug] [2026-03-21T20:02:57.012Z] Checked if tokens are valid: true, expires at: 1774126764346
[debug] [2026-03-21T20:02:57.012Z] >>> [apiv2][query] GET https://artifactregistry.googleapis.com/v1/projects/skyrayenginnering/locations/us-central1/repositories/gcf-artifacts [none]
[debug] [2026-03-21T20:02:58.473Z] <<< [apiv2][status] GET https://artifactregistry.googleapis.com/v1/projects/skyrayenginnering/locations/us-central1/repositories/gcf-artifacts 404
[debug] [2026-03-21T20:02:58.473Z] <<< [apiv2][body] GET https://artifactregistry.googleapis.com/v1/projects/skyrayenginnering/locations/us-central1/repositories/gcf-artifacts {"error":{"code":404,"message":"Requested entity was not found.","status":"NOT_FOUND"}}
[debug] [2026-03-21T20:02:58.474Z] Failed to check artifact cleanup policy for region us-central1: Request to https://artifactregistry.googleapis.com/v1/projects/skyrayenginnering/locations/us-central1/repositories/gcf-artifacts had HTTP Error: 404, Requested entity was not found. {"name":"FirebaseError","children":[],"context":{"body":{"error":{"code":404,"message":"Requested entity was not found.","status":"NOT_FOUND"}},"response":{"statusCode":404}},"exit":1,"message":"Request to https://artifactregistry.googleapis.com/v1/projects/skyrayenginnering/locations/us-central1/repositories/gcf-artifacts had HTTP Error: 404, Requested entity was not found.","status":404}
[debug] [2026-03-21T20:02:58.474Z] Functions deploy failed.
[debug] [2026-03-21T20:02:58.474Z] {
  "endpoint": {
    "id": "sendContactEmail",
    "project": "skyrayenginnering",
    "region": "us-central1",
    "entryPoint": "sendContactEmail",
    "platform": "gcfv2",
    "runtime": "nodejs24",
    "eventTrigger": {
      "eventType": "google.cloud.firestore.document.v1.created",
      "retry": false,
      "eventFilters": {
        "database": "(default)",
        "namespace": "(default)"
      },
      "eventFilterPathPatterns": {
        "document": "messages/{messageId}"
      },
      "region": "asia-southeast1"
    },
    "labels": {
      "deployment-tool": "cli-firebase"
    },
    "serviceAccount": null,
    "ingressSettings": null,
    "availableMemoryMb": null,
    "timeoutSeconds": null,
    "maxInstances": null,
    "minInstances": null,
    "concurrency": 80,
    "vpc": null,
    "environmentVariables": {
      "FIREBASE_CONFIG": "{\"projectId\":\"skyrayenginnering\",\"storageBucket\":\"skyrayenginnering.firebasestorage.app\"}",
      "GCLOUD_PROJECT": "skyrayenginnering",
      "EVENTARC_CLOUD_EVENT_SOURCE": "projects/skyrayenginnering/locations/us-central1/services/sendContactEmail"
    },
    "codebase": "default",
    "cpu": 1,
    "targetedByOnly": false,
    "hash": "7e4347ab2ff64dcef17cb3020d825488118e7a08"
  },
  "op": "create",
  "original": {
    "name": "FirebaseError",
    "children": [],
    "context": {
      "function": "projects/skyrayenginnering/locations/us-central1/functions/sendContactEmail"
    },
    "exit": 1,
    "message": "Failed to create function projects/skyrayenginnering/locations/us-central1/functions/sendContactEmail",
    "original": {
      "name": "FirebaseError",
      "children": [],
      "context": {
        "body": {
          "error": {
            "code": 400,
            "message": "Validation failed for trigger projects/skyrayenginnering/locations/asia-southeast1/triggers/sendcontactemail-062816: Invalid resource state for \"\": Permission denied while using the Eventarc Service Agent. If you recently started to use Eventarc, it may take a few minutes before all necessary permissions are propagated to the Service Agent. Otherwise, verify that it has Eventarc Service Agent role.",
            "status": "FAILED_PRECONDITION"
          }
        },
        "response": {
          "statusCode": 400
        }
      },
      "exit": 1,
      "message": "Request to https://cloudfunctions.googleapis.com/v2/projects/skyrayenginnering/locations/us-central1/functions?functionId=sendContactEmail had HTTP Error: 400, Validation failed for trigger projects/skyrayenginnering/locations/asia-southeast1/triggers/sendcontactemail-062816: Invalid resource state for \"\": Permission denied while using the Eventarc Service Agent. If you recently started to use Eventarc, it may take a few minutes before all necessary permissions are propagated to the Service Agent. Otherwise, verify that it has Eventarc Service Agent role.",
      "status": 400
    },
    "status": 400,
    "code": 400
  }
}
[debug] [2026-03-21T20:02:58.474Z] {
  "endpoint": {
    "id": "sendQuotationEmail",
    "project": "skyrayenginnering",
    "region": "us-central1",
    "entryPoint": "sendQuotationEmail",
    "platform": "gcfv2",
    "runtime": "nodejs24",
    "eventTrigger": {
      "eventType": "google.cloud.firestore.document.v1.created",
      "retry": false,
      "eventFilters": {
        "database": "(default)",
        "namespace": "(default)"
      },
      "eventFilterPathPatterns": {
        "document": "quotations/{quoteId}"
      },
      "region": "asia-southeast1"
    },
    "labels": {
      "deployment-tool": "cli-firebase"
    },
    "serviceAccount": null,
    "ingressSettings": null,
    "availableMemoryMb": null,
    "timeoutSeconds": null,
    "maxInstances": null,
    "minInstances": null,
    "concurrency": 80,
    "vpc": null,
    "environmentVariables": {
      "FIREBASE_CONFIG": "{\"projectId\":\"skyrayenginnering\",\"storageBucket\":\"skyrayenginnering.firebasestorage.app\"}",
      "GCLOUD_PROJECT": "skyrayenginnering",
      "EVENTARC_CLOUD_EVENT_SOURCE": "projects/skyrayenginnering/locations/us-central1/services/sendQuotationEmail"
    },
    "codebase": "default",
    "cpu": 1,
    "targetedByOnly": false,
    "hash": "7e4347ab2ff64dcef17cb3020d825488118e7a08"
  },
  "op": "create",
  "original": {
    "name": "FirebaseError",
    "children": [],
    "context": {
      "function": "projects/skyrayenginnering/locations/us-central1/functions/sendQuotationEmail"
    },
    "exit": 1,
    "message": "Failed to create function projects/skyrayenginnering/locations/us-central1/functions/sendQuotationEmail",
    "original": {
      "name": "FirebaseError",
      "children": [],
      "context": {
        "body": {
          "error": {
            "code": 400,
            "message": "Validation failed for trigger projects/skyrayenginnering/locations/asia-southeast1/triggers/sendquotationemail-559290: Invalid resource state for \"\": Permission denied while using the Eventarc Service Agent. If you recently started to use Eventarc, it may take a few minutes before all necessary permissions are propagated to the Service Agent. Otherwise, verify that it has Eventarc Service Agent role.",
            "status": "FAILED_PRECONDITION"
          }
        },
        "response": {
          "statusCode": 400
        }
      },
      "exit": 1,
      "message": "Request to https://cloudfunctions.googleapis.com/v2/projects/skyrayenginnering/locations/us-central1/functions?functionId=sendQuotationEmail had HTTP Error: 400, Validation failed for trigger projects/skyrayenginnering/locations/asia-southeast1/triggers/sendquotationemail-559290: Invalid resource state for \"\": Permission denied while using the Eventarc Service Agent. If you recently started to use Eventarc, it may take a few minutes before all necessary permissions are propagated to the Service Agent. Otherwise, verify that it has Eventarc Service Agent role.",
      "status": 400
    },
    "status": 400,
    "code": 400
  }
}
[debug] [2026-03-21T20:02:58.474Z] {
  "endpoint": {
    "id": "onQuotationReply",
    "project": "skyrayenginnering",
    "region": "us-central1",
    "entryPoint": "onQuotationReply",
    "platform": "gcfv2",
    "runtime": "nodejs24",
    "eventTrigger": {
      "eventType": "google.cloud.firestore.document.v1.updated",
      "retry": false,
      "eventFilters": {
        "database": "(default)",
        "namespace": "(default)"
      },
      "eventFilterPathPatterns": {
        "document": "quotations/{quoteId}"
      },
      "region": "asia-southeast1"
    },
    "labels": {
      "deployment-tool": "cli-firebase"
    },
    "serviceAccount": null,
    "ingressSettings": null,
    "availableMemoryMb": null,
    "timeoutSeconds": null,
    "maxInstances": null,
    "minInstances": null,
    "concurrency": 80,
    "vpc": null,
    "environmentVariables": {
      "FIREBASE_CONFIG": "{\"projectId\":\"skyrayenginnering\",\"storageBucket\":\"skyrayenginnering.firebasestorage.app\"}",
      "GCLOUD_PROJECT": "skyrayenginnering",
      "EVENTARC_CLOUD_EVENT_SOURCE": "projects/skyrayenginnering/locations/us-central1/services/onQuotationReply"
    },
    "codebase": "default",
    "cpu": 1,
    "targetedByOnly": false,
    "hash": "7e4347ab2ff64dcef17cb3020d825488118e7a08"
  },
  "op": "create",
  "original": {
    "name": "FirebaseError",
    "children": [],
    "context": {
      "function": "projects/skyrayenginnering/locations/us-central1/functions/onQuotationReply"
    },
    "exit": 1,
    "message": "Failed to create function projects/skyrayenginnering/locations/us-central1/functions/onQuotationReply",
    "original": {
      "name": "FirebaseError",
      "children": [],
      "context": {
        "body": {
          "error": {
            "code": 400,
            "message": "Validation failed for trigger projects/skyrayenginnering/locations/asia-southeast1/triggers/onquotationreply-930687: Invalid resource state for \"\": Permission denied while using the Eventarc Service Agent. If you recently started to use Eventarc, it may take a few minutes before all necessary permissions are propagated to the Service Agent. Otherwise, verify that it has Eventarc Service Agent role.",
            "status": "FAILED_PRECONDITION"
          }
        },
        "response": {
          "statusCode": 400
        }
      },
      "exit": 1,
      "message": "Request to https://cloudfunctions.googleapis.com/v2/projects/skyrayenginnering/locations/us-central1/functions?functionId=onQuotationReply had HTTP Error: 400, Validation failed for trigger projects/skyrayenginnering/locations/asia-southeast1/triggers/onquotationreply-930687: Invalid resource state for \"\": Permission denied while using the Eventarc Service Agent. If you recently started to use Eventarc, it may take a few minutes before all necessary permissions are propagated to the Service Agent. Otherwise, verify that it has Eventarc Service Agent role.",
      "status": 400
    },
    "status": 400,
    "code": 400
  }
}
[error] Error: There was an error deploying functions:
[error] - Error Failed to create function sendContactEmail in region us-central1
[error] - Error Failed to create function sendQuotationEmail in region us-central1
[error] - Error Failed to create function onQuotationReply in region us-central1
